<?xml version="1.0" encoding="UTF-8"?>
<!-- Generated by org.testng.reporters.JUnitXMLReporter -->
<testsuite ignored="1" hostname="DESKTOP-8C0LO3K" failures="0" tests="1" name="MobileTests" time="0.044" errors="0" timestamp="2024-09-17T11:01:07 IST">
  <testcase classname="learnTestNG.MobileTesting" name="mysecondMobileTest" time="0.006"/>
  <testcase classname="learnTestNG.MobileTesting" name="myfirstMobileTest" time="0.0">
    <ignored/>
  </testcase> <!-- myfirstMobileTest -->
</testsuite> <!-- MobileTests -->
