<?xml version="1.0" encoding="UTF-8"?>
<!-- Generated by org.testng.reporters.JUnitXMLReporter -->
<testsuite ignored="0" hostname="DESKTOP-8C0LO3K" failures="1" tests="2" name="Test" time="0.049" errors="0" timestamp="2024-10-07T19:35:53 IST">
  <testcase classname="learnListeners.MyTest" name="mytest1" time="0.009">
    <failure type="java.lang.AssertionError" message="null">
      <![CDATA[java.lang.AssertionError: null
at learnListeners.MyTest.mytest1(MyTest.java:12)
at java.base/java.util.ArrayList.forEach(ArrayList.java:1511)
... Removed 29 stack frames]]>
    </failure>
  </testcase> <!-- mytest1 -->
  <testcase classname="learnListeners.MyTest" name="mytest2" time="0.002"/>
</testsuite> <!-- Test -->
