<?xml version="1.0" encoding="UTF-8"?>
<!-- Generated by org.testng.reporters.JUnitXMLReporter -->
<testsuite ignored="0" hostname="DESKTOP-8C0LO3K" failures="0" tests="3" name="Test" time="0.055" errors="0" timestamp="2024-09-17T10:54:42 IST">
  <testcase classname="learnTestNG.WebTesting" name="myFirstTest" time="0.004"/>
  <testcase classname="learnTestNG.MobileTesting" name="myfirstMobileTest" time="0.0"/>
  <testcase classname="learnTestNG.MobileTesting" name="mysecondMobileTest" time="0.001"/>
</testsuite> <!-- Test -->
