<?xml version="1.0" encoding="UTF-8"?>
<testng-results ignored="0" total="2" passed="2" failed="0" skipped="0">
  <reporter-output>
  </reporter-output>
  <suite started-at="2024-09-18T12:25:25 IST" name="Default suite" finished-at="2024-09-18T12:25:26 IST" duration-ms="91">
    <groups>
    </groups>
    <test started-at="2024-09-18T12:25:25 IST" name="Default test" finished-at="2024-09-18T12:25:26 IST" duration-ms="91">
      <class name="dataProviders.LearnDataProviders">
        <test-method signature="mytest(java.lang.String,java.lang.String)[pri:0, instance:dataProviders.LearnDataProviders@6b81ce95]" started-at="2024-09-18T12:25:25 IST" name="mytest" data-provider="getData" finished-at="2024-09-18T12:25:25 IST" duration-ms="12" status="PASS">
          <params>
            <param index="0">
              <value>
                <![CDATA[snehaJoseph24]]>
              </value>
            </param>
            <param index="1">
              <value>
                <![CDATA[qwerty123]]>
              </value>
            </param>
          </params>
          <reporter-output>
          </reporter-output>
        </test-method> <!-- mytest -->
        <test-method signature="mytest(java.lang.String,java.lang.String)[pri:0, instance:dataProviders.LearnDataProviders@6b81ce95]" started-at="2024-09-18T12:25:25 IST" name="mytest" data-provider="getData" finished-at="2024-09-18T12:25:25 IST" duration-ms="3" status="PASS">
          <params>
            <param index="0">
              <value>
                <![CDATA[Aneesa12]]>
              </value>
            </param>
            <param index="1">
              <value>
                <![CDATA[Kerela@]]>
              </value>
            </param>
          </params>
          <reporter-output>
          </reporter-output>
        </test-method> <!-- mytest -->
      </class> <!-- dataProviders.LearnDataProviders -->
    </test> <!-- Default test -->
  </suite> <!-- Default suite -->
</testng-results>
