<?xml version="1.0" encoding="UTF-8"?>
<testng-results ignored="0" total="1" passed="1" failed="0" skipped="0">
  <reporter-output>
  </reporter-output>
  <suite started-at="2024-09-17T11:01:07 IST" name="Suite" finished-at="2024-09-17T11:01:07 IST" duration-ms="117">
    <groups>
      <group name="Regression">
        <method signature="MobileTesting.mysecondMobileTest()[pri:0, instance:learnTestNG.MobileTesting@2a65fe7c]" name="mysecondMobileTest" class="learnTestNG.MobileTesting"/>
      </group> <!-- Regression -->
    </groups>
    <test started-at="2024-09-17T11:01:07 IST" name="WebTests" finished-at="2024-09-17T11:01:07 IST" duration-ms="17">
    </test> <!-- WebTests -->
    <test started-at="2024-09-17T11:01:07 IST" name="MobileTests" finished-at="2024-09-17T11:01:07 IST" duration-ms="44">
      <class name="learnTestNG.MobileTesting">
        <test-method signature="mysecondMobileTest()[pri:0, instance:learnTestNG.MobileTesting@2a65fe7c]" started-at="2024-09-17T11:01:07 IST" name="mysecondMobileTest" finished-at="2024-09-17T11:01:07 IST" duration-ms="6" status="PASS">
          <reporter-output>
          </reporter-output>
        </test-method> <!-- mysecondMobileTest -->
      </class> <!-- learnTestNG.MobileTesting -->
    </test> <!-- MobileTests -->
  </suite> <!-- Suite -->
</testng-results>
